DEPRECATION WARNING: Leaving `ActiveRecord::ConnectionAdapters::SQLite3Adapter.represent_boolean_as_integer`
set to false is deprecated. SQLite databases have used 't' and 'f' to serialize
boolean values and must have old data converted to 1 and 0 (its native boolean
serialization) before setting this flag to true. Conversion can be accomplished
by setting up a rake task which runs

  ExampleModel.where("boolean_column = 't'").update_all(boolean_column: 1)
  ExampleModel.where("boolean_column = 'f'").update_all(boolean_column: 0)

for all models and all boolean columns, after which the flag must be set to
true by adding the following to your application.rb file:

  Rails.application.config.active_record.sqlite3.represent_boolean_as_integer = true
 (called from load at C:/Ruby24-x64/bin/rake:23)
  [1m[35m (0.1ms)[0m  [1m[34mSELECT sqlite_version(*)[0m
  [1m[35m (10.6ms)[0m  [1m[35mCREATE TABLE "schema_migrations" ("version" varchar NOT NULL PRIMARY KEY)[0m
  [1m[35m (4.3ms)[0m  [1m[35mCREATE TABLE "ar_internal_metadata" ("key" varchar NOT NULL PRIMARY KEY, "value" varchar, "created_at" datetime NOT NULL, "updated_at" datetime NOT NULL)[0m
  [1m[35m (0.1ms)[0m  [1m[34mSELECT "schema_migrations"."version" FROM "schema_migrations" ORDER BY "schema_migrations"."version" ASC[0m
Migrating to UpdateSchema1 (20190903001346)
  [1m[35m (0.0ms)[0m  [1m[36mbegin transaction[0m
  [1m[35m (0.9ms)[0m  [1m[35mCREATE TABLE "employees" ("id" integer PRIMARY KEY AUTOINCREMENT NOT NULL, "emp_id" varchar, "name" varchar, "age" integer, "address" varchar, "busho" varchar, "created_at" datetime, "updated_at" datetime)[0m
  [1m[36mActiveRecord::SchemaMigration Create (0.1ms)[0m  [1m[32mINSERT INTO "schema_migrations" ("version") VALUES (?)[0m  [["version", "20190903001346"]]
  [1m[35m (4.0ms)[0m  [1m[36mcommit transaction[0m
Migrating to UpdateSchema2 (20190903075628)
  [1m[35m (0.0ms)[0m  [1m[36mbegin transaction[0m
  [1m[35m (1.4ms)[0m  [1m[35mALTER TABLE "employees" ADD "section_id" integer[0m
  [1m[35m (0.8ms)[0m  [1m[35mCREATE TEMPORARY TABLE "aemployees" ("id" integer NOT NULL PRIMARY KEY, "emp_id" varchar DEFAULT NULL, "name" varchar DEFAULT NULL, "age" integer DEFAULT NULL, "address" varchar DEFAULT NULL, "busho" varchar DEFAULT NULL, "created_at" datetime DEFAULT NULL, "updated_at" datetime DEFAULT NULL, "section_id" integer DEFAULT NULL)[0m
  [1m[35m (0.1ms)[0m  [1m[32mINSERT INTO "aemployees" ("id","emp_id","name","age","address","busho","created_at","updated_at","section_id")
                     SELECT "id","emp_id","name","age","address","busho","created_at","updated_at","section_id" FROM "employees"[0m
  [1m[35m (1.2ms)[0m  [1m[35mDROP TABLE "employees"[0m
  [1m[35m (0.1ms)[0m  [1m[35mCREATE TABLE "employees" ("id" integer NOT NULL PRIMARY KEY, "emp_id" varchar DEFAULT NULL, "name" varchar DEFAULT NULL, "age" integer DEFAULT NULL, "address" varchar DEFAULT NULL, "created_at" datetime DEFAULT NULL, "updated_at" datetime DEFAULT NULL, "section_id" integer DEFAULT NULL)[0m
  [1m[35m (0.0ms)[0m  [1m[32mINSERT INTO "employees" ("id","emp_id","name","age","address","created_at","updated_at","section_id")
                     SELECT "id","emp_id","name","age","address","created_at","updated_at","section_id" FROM "aemployees"[0m
  [1m[35m (1.0ms)[0m  [1m[35mDROP TABLE "aemployees"[0m
  [1m[35m (0.1ms)[0m  [1m[35mCREATE TABLE "sections" ("id" integer PRIMARY KEY AUTOINCREMENT NOT NULL, "sec_name" varchar, "created_at" datetime, "updated_at" datetime)[0m
  [1m[36mActiveRecord::SchemaMigration Create (0.1ms)[0m  [1m[32mINSERT INTO "schema_migrations" ("version") VALUES (?)[0m  [["version", "20190903075628"]]
  [1m[35m (4.3ms)[0m  [1m[36mcommit transaction[0m
  [1m[36mActiveRecord::InternalMetadata Load (0.1ms)[0m  [1m[34mSELECT  "ar_internal_metadata".* FROM "ar_internal_metadata" WHERE "ar_internal_metadata"."key" = ? LIMIT ?[0m  [["key", "environment"], ["LIMIT", 1]]
  [1m[35m (0.0ms)[0m  [1m[36mbegin transaction[0m
  [1m[36mActiveRecord::InternalMetadata Create (0.9ms)[0m  [1m[32mINSERT INTO "ar_internal_metadata" ("key", "value", "created_at", "updated_at") VALUES (?, ?, ?, ?)[0m  [["key", "environment"], ["value", "development"], ["created_at", "2019-09-03 09:32:54.511682"], ["updated_at", "2019-09-03 09:32:54.511682"]]
  [1m[35m (3.1ms)[0m  [1m[36mcommit transaction[0m
  [1m[35m (0.1ms)[0m  [1m[34mSELECT "schema_migrations"."version" FROM "schema_migrations" ORDER BY "schema_migrations"."version" ASC[0m
DEPRECATION WARNING: Leaving `ActiveRecord::ConnectionAdapters::SQLite3Adapter.represent_boolean_as_integer`
set to false is deprecated. SQLite databases have used 't' and 'f' to serialize
boolean values and must have old data converted to 1 and 0 (its native boolean
serialization) before setting this flag to true. Conversion can be accomplished
by setting up a rake task which runs

  ExampleModel.where("boolean_column = 't'").update_all(boolean_column: 1)
  ExampleModel.where("boolean_column = 'f'").update_all(boolean_column: 0)

for all models and all boolean columns, after which the flag must be set to
true by adding the following to your application.rb file:

  Rails.application.config.active_record.sqlite3.represent_boolean_as_integer = true
 (called from instance_eval at C:/Ruby24-x64/lib/ruby/gems/2.4.0/gems/activesupport-5.2.3/lib/active_support/lazy_load_hooks.rb:71)
Started GET "/%E3%80%8D%E3%81%AB%E3%82%A2" for ::1 at 2019-09-03 18:33:22 +0900
  
ActionController::RoutingError (No route matches [GET] "/%E3%80%8D%E3%81%AB%E3%82%A2"):
  
actionpack (5.2.3) lib/action_dispatch/middleware/debug_exceptions.rb:65:in `call'
web-console (3.7.0) lib/web_console/middleware.rb:135:in `call_app'
web-console (3.7.0) lib/web_console/middleware.rb:30:in `block in call'
web-console (3.7.0) lib/web_console/middleware.rb:20:in `catch'
web-console (3.7.0) lib/web_console/middleware.rb:20:in `call'
actionpack (5.2.3) lib/action_dispatch/middleware/show_exceptions.rb:33:in `call'
railties (5.2.3) lib/rails/rack/logger.rb:38:in `call_app'
railties (5.2.3) lib/rails/rack/logger.rb:26:in `block in call'
activesupport (5.2.3) lib/active_support/tagged_logging.rb:71:in `block in tagged'
activesupport (5.2.3) lib/active_support/tagged_logging.rb:28:in `tagged'
activesupport (5.2.3) lib/active_support/tagged_logging.rb:71:in `tagged'
railties (5.2.3) lib/rails/rack/logger.rb:26:in `call'
actionpack (5.2.3) lib/action_dispatch/middleware/remote_ip.rb:81:in `call'
actionpack (5.2.3) lib/action_dispatch/middleware/request_id.rb:27:in `call'
rack (2.0.7) lib/rack/method_override.rb:22:in `call'
rack (2.0.7) lib/rack/runtime.rb:22:in `call'
activesupport (5.2.3) lib/active_support/cache/strategy/local_cache_middleware.rb:29:in `call'
actionpack (5.2.3) lib/action_dispatch/middleware/executor.rb:14:in `call'
actionpack (5.2.3) lib/action_dispatch/middleware/static.rb:127:in `call'
rack (2.0.7) lib/rack/sendfile.rb:111:in `call'
railties (5.2.3) lib/rails/engine.rb:524:in `call'
puma (3.12.1) lib/puma/configuration.rb:227:in `call'
puma (3.12.1) lib/puma/server.rb:660:in `handle_request'
puma (3.12.1) lib/puma/server.rb:474:in `process_client'
puma (3.12.1) lib/puma/server.rb:334:in `block in run'
puma (3.12.1) lib/puma/thread_pool.rb:135:in `block in spawn_thread'
Started GET "/" for ::1 at 2019-09-03 18:33:34 +0900
Processing by RoutesController#index as HTML
  Rendering routes/index.html.erb within layouts/application
  Rendered routes/index.html.erb within layouts/application (0.6ms)
DEPRECATION WARNING: Extra .css in SCSS file is unnecessary. Rename C:/rails/miyatsuko_test1/app/assets/stylesheets/_variables.css.scss to C:/rails/miyatsuko_test1/app/assets/stylesheets/_variables.scss. (called from _app_views_layouts_application_html_erb__753954197_72808120 at C:/rails/miyatsuko_test1/app/views/layouts/application.html.erb:5)
DEPRECATION WARNING: Extra .css in SCSS file is unnecessary. Rename C:/rails/miyatsuko_test1/app/assets/stylesheets/_bootstrap_overrides.css.scss to C:/rails/miyatsuko_test1/app/assets/stylesheets/_bootstrap_overrides.scss. (called from _app_views_layouts_application_html_erb__753954197_72808120 at C:/rails/miyatsuko_test1/app/views/layouts/application.html.erb:5)
DEPRECATION WARNING: Extra .css in SCSS file is unnecessary. Rename C:/rails/miyatsuko_test1/app/assets/stylesheets/_variables.css.scss to C:/rails/miyatsuko_test1/app/assets/stylesheets/_variables.scss. (called from _app_views_layouts_application_html_erb__753954197_72808120 at C:/rails/miyatsuko_test1/app/views/layouts/application.html.erb:5)
DEPRECATION WARNING: Extra .css in SCSS file is unnecessary. Rename C:/rails/miyatsuko_test1/app/assets/stylesheets/_bootstrap_overrides.css.scss to C:/rails/miyatsuko_test1/app/assets/stylesheets/_bootstrap_overrides.scss. (called from _app_views_layouts_application_html_erb__753954197_72808120 at C:/rails/miyatsuko_test1/app/views/layouts/application.html.erb:5)
Completed 200 OK in 3162ms (Views: 3148.8ms)


Started GET "/sections" for ::1 at 2019-09-03 18:33:51 +0900
Processing by SectionsController#index as HTML
  Rendering sections/index.html.erb within layouts/application
  [1m[36mSection Load (2.5ms)[0m  [1m[34mSELECT "sections".* FROM "sections"[0m
  Rendered sections/index.html.erb within layouts/application (13.2ms)
Completed 200 OK in 414ms (Views: 322.4ms | ActiveRecord: 3.4ms)


Started GET "/sections/new" for ::1 at 2019-09-03 18:33:53 +0900
Processing by SectionsController#new as HTML
  Rendering sections/new.html.erb within layouts/application
  Rendered sections/new.html.erb within layouts/application (1.2ms)
Completed 200 OK in 361ms (Views: 341.2ms | ActiveRecord: 0.5ms)


Started POST "/sections" for ::1 at 2019-09-03 18:34:04 +0900
Processing by SectionsController#create as HTML
  Parameters: {"utf8"=>"âœ“", "authenticity_token"=>"8uHvxhxyYO4S4/9ZZUsHGbHdXah7YhjW+IcwlKQVkxBUOwla0qZDAUpCtBVxk7llYRKZDAoywFKzkjwf4GB1qg==", "section"=>{"sec_name"=>"é–‹ç™ºéƒ¨"}, "commit"=>"ä¿å­˜"}
  [1m[35m (0.0ms)[0m  [1m[36mbegin transaction[0m
  [1m[36mSection Create (1.2ms)[0m  [1m[32mINSERT INTO "sections" ("sec_name", "created_at", "updated_at") VALUES (?, ?, ?)[0m  [["sec_name", "é–‹ç™ºéƒ¨"], ["created_at", "2019-09-03 09:34:04.794157"], ["updated_at", "2019-09-03 09:34:04.794157"]]
  [1m[35m (3.4ms)[0m  [1m[36mcommit transaction[0m
Redirected to http://localhost:3000/sections/1
Completed 302 Found in 10ms (ActiveRecord: 4.6ms)


Started GET "/sections/1" for ::1 at 2019-09-03 18:34:04 +0900
Processing by SectionsController#show as HTML
  Parameters: {"id"=>"1"}
  [1m[36mSection Load (0.2ms)[0m  [1m[34mSELECT  "sections".* FROM "sections" WHERE "sections"."id" = ? LIMIT ?[0m  [["id", 1], ["LIMIT", 1]]
  Rendering sections/show.html.erb within layouts/application
  Rendered sections/show.html.erb within layouts/application (0.6ms)
Completed 200 OK in 330ms (Views: 304.0ms | ActiveRecord: 0.2ms)


Started GET "/sections" for ::1 at 2019-09-03 18:34:07 +0900
Processing by SectionsController#index as HTML
  Rendering sections/index.html.erb within layouts/application
  [1m[36mSection Load (0.2ms)[0m  [1m[34mSELECT "sections".* FROM "sections"[0m
  Rendered sections/index.html.erb within layouts/application (2.9ms)
Completed 200 OK in 314ms (Views: 300.2ms | ActiveRecord: 0.2ms)


Started GET "/sections/new" for ::1 at 2019-09-03 18:34:11 +0900
Processing by SectionsController#new as HTML
  Rendering sections/new.html.erb within layouts/application
  Rendered sections/new.html.erb within layouts/application (0.8ms)
Completed 200 OK in 311ms (Views: 298.0ms | ActiveRecord: 0.0ms)


Started POST "/sections" for ::1 at 2019-09-03 18:34:15 +0900
Processing by SectionsController#create as HTML
  Parameters: {"utf8"=>"âœ“", "authenticity_token"=>"9L59ZzPb8WO2UQp92C8nSrD5jCI9k41tq28vf811kMtSZJv7/Q/SjO7wQTHM95k2YDZIhkzDVengeiP0iQB2cQ==", "section"=>{"sec_name"=>"å–¶æ¥­éƒ¨"}, "commit"=>"ä¿å­˜"}
  [1m[35m (0.1ms)[0m  [1m[36mbegin transaction[0m
  [1m[36mSection Create (1.0ms)[0m  [1m[32mINSERT INTO "sections" ("sec_name", "created_at", "updated_at") VALUES (?, ?, ?)[0m  [["sec_name", "å–¶æ¥­éƒ¨"], ["created_at", "2019-09-03 09:34:15.631551"], ["updated_at", "2019-09-03 09:34:15.631551"]]
  [1m[35m (3.5ms)[0m  [1m[36mcommit transaction[0m
Redirected to http://localhost:3000/sections/2
Completed 302 Found in 10ms (ActiveRecord: 4.5ms)


Started GET "/sections/2" for ::1 at 2019-09-03 18:34:15 +0900
Processing by SectionsController#show as HTML
  Parameters: {"id"=>"2"}
  [1m[36mSection Load (0.2ms)[0m  [1m[34mSELECT  "sections".* FROM "sections" WHERE "sections"."id" = ? LIMIT ?[0m  [["id", 2], ["LIMIT", 1]]
  Rendering sections/show.html.erb within layouts/application
  Rendered sections/show.html.erb within layouts/application (0.6ms)
Completed 200 OK in 316ms (Views: 301.7ms | ActiveRecord: 0.2ms)


Started GET "/sections" for ::1 at 2019-09-03 18:34:27 +0900
Processing by SectionsController#index as HTML
  Rendering sections/index.html.erb within layouts/application
  [1m[36mSection Load (0.2ms)[0m  [1m[34mSELECT "sections".* FROM "sections"[0m
  Rendered sections/index.html.erb within layouts/application (3.4ms)
Completed 200 OK in 316ms (Views: 303.3ms | ActiveRecord: 0.2ms)


Started GET "/" for ::1 at 2019-09-03 18:34:43 +0900
Processing by RoutesController#index as HTML
  Rendering routes/index.html.erb within layouts/application
  Rendered routes/index.html.erb within layouts/application (0.5ms)
Completed 200 OK in 349ms (Views: 336.8ms | ActiveRecord: 0.0ms)


Started GET "/employees" for ::1 at 2019-09-03 18:34:49 +0900
Processing by EmployeesController#index as HTML
  Rendering employees/index.html.erb within layouts/application
  [1m[36mEmployee Load (0.2ms)[0m  [1m[34mSELECT "employees".* FROM "employees"[0m
  Rendered employees/index.html.erb within layouts/application (3.2ms)
Completed 200 OK in 320ms (Views: 292.4ms | ActiveRecord: 0.5ms)


Started GET "/employees/new" for ::1 at 2019-09-03 18:34:53 +0900
Processing by EmployeesController#new as HTML
  Rendering employees/new.html.erb within layouts/application
  [1m[35m (0.2ms)[0m  [1m[34mSELECT "sections"."sec_name", "sections"."id" FROM "sections"[0m
  Rendered employees/new.html.erb within layouts/application (6.9ms)
Completed 200 OK in 322ms (Views: 299.8ms | ActiveRecord: 0.6ms)


Started POST "/employees" for ::1 at 2019-09-03 18:35:24 +0900
Processing by EmployeesController#create as HTML
  Parameters: {"utf8"=>"âœ“", "authenticity_token"=>"tjBd3HyibStl7cjEr1sAeHD61gFccEpR4c111oUP5vUQ6rtAsnZOxD1Mg4i7g74EoDUSpS0gktWq2HldwXoATw==", "employee"=>{"emp_id"=>"10001", "name"=>"ç”°ä¸­ãƒ«ãƒ“ãƒ¼", "age"=>"35", "address"=>"é•·é‡ŽçœŒæ¾æœ¬å¸‚", "section_id"=>"2"}, "commit"=>"Save"}
  [1m[35m (0.1ms)[0m  [1m[36mbegin transaction[0m
  [1m[36mEmployee Create (1.1ms)[0m  [1m[32mINSERT INTO "employees" ("emp_id", "name", "age", "address", "created_at", "updated_at", "section_id") VALUES (?, ?, ?, ?, ?, ?, ?)[0m  [["emp_id", "10001"], ["name", "ç”°ä¸­ãƒ«ãƒ“ãƒ¼"], ["age", 35], ["address", "é•·é‡ŽçœŒæ¾æœ¬å¸‚"], ["created_at", "2019-09-03 09:35:24.590882"], ["updated_at", "2019-09-03 09:35:24.590882"], ["section_id", 2]]
  [1m[35m (3.5ms)[0m  [1m[36mcommit transaction[0m
Redirected to http://localhost:3000/employees/1
Completed 302 Found in 11ms (ActiveRecord: 4.6ms)


Started GET "/employees/1" for ::1 at 2019-09-03 18:35:24 +0900
Processing by EmployeesController#show as HTML
  Parameters: {"id"=>"1"}
  [1m[36mEmployee Load (0.2ms)[0m  [1m[34mSELECT  "employees".* FROM "employees" WHERE "employees"."id" = ? LIMIT ?[0m  [["id", 1], ["LIMIT", 1]]
  Rendering employees/show.html.erb within layouts/application
  [1m[36mSection Load (0.2ms)[0m  [1m[34mSELECT  "sections".* FROM "sections" WHERE "sections"."id" = ? LIMIT ?[0m  [["id", 2], ["LIMIT", 1]]
  Rendered employees/show.html.erb within layouts/application (19.3ms)
Completed 200 OK in 350ms (Views: 336.0ms | ActiveRecord: 0.4ms)


Started GET "/employees" for ::1 at 2019-09-03 18:35:33 +0900
Processing by EmployeesController#index as HTML
  Rendering employees/index.html.erb within layouts/application
  [1m[36mEmployee Load (0.1ms)[0m  [1m[34mSELECT "employees".* FROM "employees"[0m
  [1m[36mSection Load (0.1ms)[0m  [1m[34mSELECT  "sections".* FROM "sections" WHERE "sections"."id" = ? LIMIT ?[0m  [["id", 2], ["LIMIT", 1]]
  Rendered employees/index.html.erb within layouts/application (3.7ms)
Completed 200 OK in 347ms (Views: 334.6ms | ActiveRecord: 0.3ms)


Started GET "/employees/new" for ::1 at 2019-09-03 18:35:35 +0900
Processing by EmployeesController#new as HTML
  Rendering employees/new.html.erb within layouts/application
  [1m[35m (0.2ms)[0m  [1m[34mSELECT "sections"."sec_name", "sections"."id" FROM "sections"[0m
  Rendered employees/new.html.erb within layouts/application (3.0ms)
Completed 200 OK in 316ms (Views: 303.1ms | ActiveRecord: 0.2ms)


Started POST "/employees" for ::1 at 2019-09-03 18:35:48 +0900
Processing by EmployeesController#create as HTML
  Parameters: {"utf8"=>"âœ“", "authenticity_token"=>"Z2cKUClxRRqJ1zUZ3Hbbzy5LTvFgojindiL6Bm3kNxzBvezM56Vm9dF2flXIrmWz/oSKVRHy4CM9N/aNKZHRpg==", "employee"=>{"emp_id"=>"10002", "name"=>"å±±ç”°ãƒ€ã‚¤ãƒ¤", "age"=>"25", "address"=>"", "section_id"=>"1"}, "commit"=>"Save"}
  [1m[35m (0.1ms)[0m  [1m[36mbegin transaction[0m
  [1m[36mEmployee Create (0.9ms)[0m  [1m[32mINSERT INTO "employees" ("emp_id", "name", "age", "address", "created_at", "updated_at", "section_id") VALUES (?, ?, ?, ?, ?, ?, ?)[0m  [["emp_id", "10002"], ["name", "å±±ç”°ãƒ€ã‚¤ãƒ¤"], ["age", 25], ["address", ""], ["created_at", "2019-09-03 09:35:48.181705"], ["updated_at", "2019-09-03 09:35:48.181705"], ["section_id", 1]]
  [1m[35m (2.9ms)[0m  [1m[36mcommit transaction[0m
Redirected to http://localhost:3000/employees/2
Completed 302 Found in 11ms (ActiveRecord: 4.0ms)


Started GET "/employees/2" for ::1 at 2019-09-03 18:35:48 +0900
Processing by EmployeesController#show as HTML
  Parameters: {"id"=>"2"}
  [1m[36mEmployee Load (0.2ms)[0m  [1m[34mSELECT  "employees".* FROM "employees" WHERE "employees"."id" = ? LIMIT ?[0m  [["id", 2], ["LIMIT", 1]]
  Rendering employees/show.html.erb within layouts/application
  [1m[36mSection Load (0.2ms)[0m  [1m[34mSELECT  "sections".* FROM "sections" WHERE "sections"."id" = ? LIMIT ?[0m  [["id", 1], ["LIMIT", 1]]
  Rendered employees/show.html.erb within layouts/application (3.5ms)
Completed 200 OK in 326ms (Views: 312.1ms | ActiveRecord: 0.4ms)


Started GET "/employees/2/edit" for ::1 at 2019-09-03 18:35:50 +0900
Processing by EmployeesController#edit as HTML
  Parameters: {"id"=>"2"}
  [1m[36mEmployee Load (0.2ms)[0m  [1m[34mSELECT  "employees".* FROM "employees" WHERE "employees"."id" = ? LIMIT ?[0m  [["id", 2], ["LIMIT", 1]]
  Rendering employees/edit.html.erb within layouts/application
  [1m[35m (0.2ms)[0m  [1m[34mSELECT "sections"."sec_name", "sections"."id" FROM "sections"[0m
  Rendered employees/edit.html.erb within layouts/application (2.9ms)
Completed 200 OK in 331ms (Views: 311.6ms | ActiveRecord: 0.3ms)


Started PATCH "/employees/2" for ::1 at 2019-09-03 18:35:54 +0900
Processing by EmployeesController#update as HTML
  Parameters: {"utf8"=>"âœ“", "authenticity_token"=>"8J6vF9IKq+nNYWyQ1UjTBPXjHORDkRbGrgIRjII+51pWREmLHN6IBpXAJ9zBkG14JSzYQDLBzkLlFx0HxksB4A==", "employee"=>{"emp_id"=>"10002", "name"=>"å±±ç”°ãƒ€ã‚¤ãƒ¤", "age"=>"25", "address"=>"", "section_id"=>"1"}, "commit"=>"ä¿å­˜", "id"=>"2"}
  [1m[36mEmployee Load (0.2ms)[0m  [1m[34mSELECT  "employees".* FROM "employees" WHERE "employees"."id" = ? LIMIT ?[0m  [["id", 2], ["LIMIT", 1]]
  [1m[35m (0.1ms)[0m  [1m[36mbegin transaction[0m
  [1m[35m (0.1ms)[0m  [1m[36mcommit transaction[0m
Redirected to http://localhost:3000/employees/2
Completed 302 Found in 6ms (ActiveRecord: 0.4ms)


Started GET "/employees/2" for ::1 at 2019-09-03 18:35:54 +0900
Processing by EmployeesController#show as HTML
  Parameters: {"id"=>"2"}
  [1m[36mEmployee Load (0.2ms)[0m  [1m[34mSELECT  "employees".* FROM "employees" WHERE "employees"."id" = ? LIMIT ?[0m  [["id", 2], ["LIMIT", 1]]
  Rendering employees/show.html.erb within layouts/application
  [1m[36mSection Load (0.2ms)[0m  [1m[34mSELECT  "sections".* FROM "sections" WHERE "sections"."id" = ? LIMIT ?[0m  [["id", 1], ["LIMIT", 1]]
  Rendered employees/show.html.erb within layouts/application (2.7ms)
Completed 200 OK in 334ms (Views: 318.5ms | ActiveRecord: 0.4ms)


Started GET "/employees/2/edit" for ::1 at 2019-09-03 18:36:03 +0900
Processing by EmployeesController#edit as HTML
  Parameters: {"id"=>"2"}
  [1m[36mEmployee Load (0.2ms)[0m  [1m[34mSELECT  "employees".* FROM "employees" WHERE "employees"."id" = ? LIMIT ?[0m  [["id", 2], ["LIMIT", 1]]
  Rendering employees/edit.html.erb within layouts/application
  [1m[35m (0.1ms)[0m  [1m[34mSELECT "sections"."sec_name", "sections"."id" FROM "sections"[0m
  Rendered employees/edit.html.erb within layouts/application (3.0ms)
Completed 200 OK in 324ms (Views: 309.6ms | ActiveRecord: 0.4ms)


Started PATCH "/employees/2" for ::1 at 2019-09-03 18:36:13 +0900
Processing by EmployeesController#update as HTML
  Parameters: {"utf8"=>"âœ“", "authenticity_token"=>"YCqc1Svurl26h1Xo/wnvXO8zeqQoNBsW8Cts7nSb9uvG8HpJ5TqNsuImHqTr0VEgP/y+AFlkw5K7PmBlMO4QUQ==", "employee"=>{"emp_id"=>"10002", "name"=>"å±±ç”°ãƒ€ã‚¤ãƒ¤", "age"=>"25", "address"=>"", "section_id"=>"2"}, "commit"=>"ä¿å­˜", "id"=>"2"}
  [1m[36mEmployee Load (0.2ms)[0m  [1m[34mSELECT  "employees".* FROM "employees" WHERE "employees"."id" = ? LIMIT ?[0m  [["id", 2], ["LIMIT", 1]]
  [1m[35m (0.0ms)[0m  [1m[36mbegin transaction[0m
  [1m[36mEmployee Update (5.7ms)[0m  [1m[33mUPDATE "employees" SET "section_id" = ?, "updated_at" = ? WHERE "employees"."id" = ?[0m  [["section_id", 2], ["updated_at", "2019-09-03 09:36:13.130975"], ["id", 2]]
  [1m[35m (2.9ms)[0m  [1m[36mcommit transaction[0m
Redirected to http://localhost:3000/employees/2
Completed 302 Found in 15ms (ActiveRecord: 8.8ms)


Started GET "/employees/2" for ::1 at 2019-09-03 18:36:13 +0900
Processing by EmployeesController#show as HTML
  Parameters: {"id"=>"2"}
  [1m[36mEmployee Load (0.2ms)[0m  [1m[34mSELECT  "employees".* FROM "employees" WHERE "employees"."id" = ? LIMIT ?[0m  [["id", 2], ["LIMIT", 1]]
  Rendering employees/show.html.erb within layouts/application
  [1m[36mSection Load (0.2ms)[0m  [1m[34mSELECT  "sections".* FROM "sections" WHERE "sections"."id" = ? LIMIT ?[0m  [["id", 2], ["LIMIT", 1]]
  Rendered employees/show.html.erb within layouts/application (2.9ms)
Completed 200 OK in 337ms (Views: 322.3ms | ActiveRecord: 0.4ms)


Started GET "/employees" for ::1 at 2019-09-03 18:36:15 +0900
Processing by EmployeesController#index as HTML
  Rendering employees/index.html.erb within layouts/application
  [1m[36mEmployee Load (0.2ms)[0m  [1m[34mSELECT "employees".* FROM "employees"[0m
  [1m[36mSection Load (0.2ms)[0m  [1m[34mSELECT  "sections".* FROM "sections" WHERE "sections"."id" = ? LIMIT ?[0m  [["id", 2], ["LIMIT", 1]]
  [1m[36mCACHE Section Load (0.0ms)[0m  [1m[34mSELECT  "sections".* FROM "sections" WHERE "sections"."id" = ? LIMIT ?[0m  [["id", 2], ["LIMIT", 1]]
  Rendered employees/index.html.erb within layouts/application (5.4ms)
Completed 200 OK in 332ms (Views: 319.4ms | ActiveRecord: 0.3ms)


